2025-09-28T13:59:06.649+03:00  INFO 1668 --- [main] org.example.Main                         : Starting Main using Java 20 with PID 1668 (D:\fuelRefactored\FuelCleanCode\Service\target\classes started by GIGABYTE in D:\fuelRefactored\FuelCleanCode)
2025-09-28T13:59:06.664+03:00  INFO 1668 --- [main] org.example.Main                         : The following 1 profile is active: "local"
2025-09-28T13:59:12.343+03:00  INFO 1668 --- [main] .s.d.r.c.RepositoryConfigurationDelegate : Bootstrapping Spring Data JPA repositories in DEFAULT mode.
2025-09-28T13:59:12.575+03:00  INFO 1668 --- [main] .s.d.r.c.RepositoryConfigurationDelegate : Finished Spring Data repository scanning in 221 ms. Found 25 JPA repository interfaces.
2025-09-28T13:59:13.415+03:00  INFO 1668 --- [main] o.s.b.w.embedded.tomcat.TomcatWebServer  : Tomcat initialized with port(s): 9091 (http)
2025-09-28T13:59:13.422+03:00  INFO 1668 --- [main] o.apache.catalina.core.StandardService   : Starting service [Tomcat]
2025-09-28T13:59:13.423+03:00  INFO 1668 --- [main] o.apache.catalina.core.StandardEngine    : Starting Servlet engine: [Apache Tomcat/10.1.7]
2025-09-28T13:59:13.562+03:00  INFO 1668 --- [main] o.a.c.c.C.[Tomcat].[localhost].[/]       : Initializing Spring embedded WebApplicationContext
2025-09-28T13:59:13.562+03:00  INFO 1668 --- [main] w.s.c.ServletWebServerApplicationContext : Root WebApplicationContext: initialization completed in 6857 ms
2025-09-28T13:59:13.896+03:00  INFO 1668 --- [main] o.hibernate.jpa.internal.util.LogHelper  : HHH000204: Processing PersistenceUnitInfo [name: default]
2025-09-28T13:59:13.982+03:00  INFO 1668 --- [main] org.hibernate.Version                    : HHH000412: Hibernate ORM core version 6.1.7.Final
2025-09-28T13:59:14.283+03:00  INFO 1668 --- [main] com.zaxxer.hikari.HikariDataSource       : HikariPool-1 - Starting...
2025-09-28T13:59:14.442+03:00  INFO 1668 --- [main] com.zaxxer.hikari.pool.HikariPool        : HikariPool-1 - Added connection com.mysql.cj.jdbc.ConnectionImpl@46de118b
2025-09-28T13:59:14.444+03:00  INFO 1668 --- [main] com.zaxxer.hikari.HikariDataSource       : HikariPool-1 - Start completed.
2025-09-28T13:59:14.478+03:00  WARN 1668 --- [main] org.hibernate.dialect.Dialect            : HHH000511: The 5.5.0 version for [org.hibernate.dialect.MySQLDialect] is no longer supported, hence certain features may not work properly. The minimum supported version is 5.7.0. Check the community dialects project for available legacy versions.
2025-09-28T13:59:14.481+03:00  INFO 1668 --- [main] SQL dialect                              : HHH000400: Using dialect: org.hibernate.dialect.MySQLDialect
2025-09-28T13:59:15.983+03:00  INFO 1668 --- [main] o.h.e.t.j.p.i.JtaPlatformInitiator       : HHH000490: Using JtaPlatform implementation: [org.hibernate.engine.transaction.jta.platform.internal.NoJtaPlatform]
2025-09-28T13:59:15.994+03:00  INFO 1668 --- [main] j.LocalContainerEntityManagerFactoryBean : Initialized JPA EntityManagerFactory for persistence unit 'default'
2025-09-28T13:59:16.458+03:00  WARN 1668 --- [main] ocalVariableTableParameterNameDiscoverer : Using deprecated '-debug' fallback for parameter name resolution. Compile the affected code with '-parameters' instead or avoid its introspection: org.example.repositories.ClientPaymentRepository
2025-09-28T13:59:16.899+03:00  WARN 1668 --- [main] ocalVariableTableParameterNameDiscoverer : Using deprecated '-debug' fallback for parameter name resolution. Compile the affected code with '-parameters' instead or avoid its introspection: org.example.repositories.ForfeitRepository
2025-09-28T13:59:16.953+03:00  WARN 1668 --- [main] ocalVariableTableParameterNameDiscoverer : Using deprecated '-debug' fallback for parameter name resolution. Compile the affected code with '-parameters' instead or avoid its introspection: org.example.repositories.PartitionRepository
2025-09-28T13:59:17.187+03:00  WARN 1668 --- [main] ocalVariableTableParameterNameDiscoverer : Using deprecated '-debug' fallback for parameter name resolution. Compile the affected code with '-parameters' instead or avoid its introspection: org.example.repositories.TransRepoJpa
2025-09-28T13:59:17.267+03:00  WARN 1668 --- [main] ocalVariableTableParameterNameDiscoverer : Using deprecated '-debug' fallback for parameter name resolution. Compile the affected code with '-parameters' instead or avoid its introspection: org.example.repositories.ReturnedMaterialRepository
2025-09-28T13:59:17.375+03:00  WARN 1668 --- [main] ocalVariableTableParameterNameDiscoverer : Using deprecated '-debug' fallback for parameter name resolution. Compile the affected code with '-parameters' instead or avoid its introspection: org.example.repositories.TransferMaterialRepository
2025-09-28T13:59:17.477+03:00  WARN 1668 --- [main] ocalVariableTableParameterNameDiscoverer : Using deprecated '-debug' fallback for parameter name resolution. Compile the affected code with '-parameters' instead or avoid its introspection: org.example.repositories.TransLineRepository
2025-09-28T13:59:17.503+03:00  WARN 1668 --- [main] ocalVariableTableParameterNameDiscoverer : Using deprecated '-debug' fallback for parameter name resolution. Compile the affected code with '-parameters' instead or avoid its introspection: org.example.repositories.TransLogRepository
2025-09-28T13:59:17.669+03:00  WARN 1668 --- [main] JpaBaseConfiguration$JpaWebConfiguration : spring.jpa.open-in-view is enabled by default. Therefore, database queries may be performed during view rendering. Explicitly configure spring.jpa.open-in-view to disable this warning
2025-09-28T13:59:18.334+03:00  INFO 1668 --- [main] o.s.b.a.e.web.EndpointLinksResolver      : Exposing 1 endpoint(s) beneath base path '/actuator'
2025-09-28T13:59:18.422+03:00  INFO 1668 --- [main] o.s.b.w.embedded.tomcat.TomcatWebServer  : Tomcat started on port(s): 9091 (http) with context path ''
2025-09-28T13:59:18.436+03:00  INFO 1668 --- [main] org.example.Main                         : Started Main in 12.331 seconds (process running for 15.721)
2025-09-28T13:59:41.519+03:00  INFO 1668 --- [http-nio-9091-exec-1] o.a.c.c.C.[Tomcat].[localhost].[/]       : Initializing Spring DispatcherServlet 'dispatcherServlet'
2025-09-28T13:59:41.520+03:00  INFO 1668 --- [http-nio-9091-exec-1] o.s.web.servlet.DispatcherServlet        : Initializing Servlet 'dispatcherServlet'
2025-09-28T13:59:41.522+03:00  INFO 1668 --- [http-nio-9091-exec-1] o.s.web.servlet.DispatcherServlet        : Completed initialization in 2 ms
2025-09-28T13:59:41.622+03:00  WARN 1668 --- [http-nio-9091-exec-1] org.example.security.CustomFilter        : /api/v1/material
2025-09-28T13:59:41.692+03:00  WARN 1668 --- [http-nio-9091-exec-1] org.example.security.CustomFilter        : /api/v1/material headers org.apache.tomcat.util.http.ValuesEnumerator@6d3d1f28
2025-09-28T14:00:02.992+03:00  WARN 1668 --- [http-nio-9091-exec-2] org.example.security.CustomFilter        : /api/v1/partition/DailyReport/XLSX/1/2024-09-01/2025-09-28/NORMAL
2025-09-28T14:00:03.021+03:00  WARN 1668 --- [http-nio-9091-exec-2] org.example.security.CustomFilter        : /api/v1/partition/DailyReport/XLSX/1/2024-09-01/2025-09-28/NORMAL headers org.apache.tomcat.util.http.ValuesEnumerator@731ec314
2025-09-28T14:00:03.044+03:00  WARN 1668 --- [http-nio-9091-exec-2] ocalVariableTableParameterNameDiscoverer : Using deprecated '-debug' fallback for parameter name resolution. Compile the affected code with '-parameters' instead or avoid its introspection: org.example.controllers.PartitionController
2025-09-28T14:07:23.240+03:00  INFO 1668 --- [SpringApplicationShutdownHook] j.LocalContainerEntityManagerFactoryBean : Closing JPA EntityManagerFactory for persistence unit 'default'
2025-09-28T14:07:23.242+03:00  INFO 1668 --- [SpringApplicationShutdownHook] com.zaxxer.hikari.HikariDataSource       : HikariPool-1 - Shutdown initiated...
2025-09-28T14:07:23.249+03:00  INFO 1668 --- [SpringApplicationShutdownHook] com.zaxxer.hikari.HikariDataSource       : HikariPool-1 - Shutdown completed.
2025-09-28T14:07:25.741+03:00  INFO 17784 --- [main] org.example.Main                         : Starting Main using Java 20 with PID 17784 (D:\fuelRefactored\FuelCleanCode\Service\target\classes started by GIGABYTE in D:\fuelRefactored\FuelCleanCode)
2025-09-28T14:07:25.743+03:00  INFO 17784 --- [main] org.example.Main                         : The following 1 profile is active: "local"
2025-09-28T14:07:26.905+03:00  INFO 17784 --- [main] .s.d.r.c.RepositoryConfigurationDelegate : Bootstrapping Spring Data JPA repositories in DEFAULT mode.
2025-09-28T14:07:27.110+03:00  INFO 17784 --- [main] .s.d.r.c.RepositoryConfigurationDelegate : Finished Spring Data repository scanning in 194 ms. Found 25 JPA repository interfaces.
2025-09-28T14:07:27.843+03:00  INFO 17784 --- [main] o.s.b.w.embedded.tomcat.TomcatWebServer  : Tomcat initialized with port(s): 9091 (http)
2025-09-28T14:07:27.850+03:00  INFO 17784 --- [main] o.apache.catalina.core.StandardService   : Starting service [Tomcat]
2025-09-28T14:07:27.850+03:00  INFO 17784 --- [main] o.apache.catalina.core.StandardEngine    : Starting Servlet engine: [Apache Tomcat/10.1.7]
2025-09-28T14:07:27.977+03:00  INFO 17784 --- [main] o.a.c.c.C.[Tomcat].[localhost].[/]       : Initializing Spring embedded WebApplicationContext
2025-09-28T14:07:27.977+03:00  INFO 17784 --- [main] w.s.c.ServletWebServerApplicationContext : Root WebApplicationContext: initialization completed in 2193 ms
2025-09-28T14:07:28.292+03:00  INFO 17784 --- [main] o.hibernate.jpa.internal.util.LogHelper  : HHH000204: Processing PersistenceUnitInfo [name: default]
2025-09-28T14:07:28.338+03:00  INFO 17784 --- [main] org.hibernate.Version                    : HHH000412: Hibernate ORM core version 6.1.7.Final
2025-09-28T14:07:28.610+03:00  INFO 17784 --- [main] com.zaxxer.hikari.HikariDataSource       : HikariPool-1 - Starting...
2025-09-28T14:07:28.774+03:00  INFO 17784 --- [main] com.zaxxer.hikari.pool.HikariPool        : HikariPool-1 - Added connection com.mysql.cj.jdbc.ConnectionImpl@16949dfa
2025-09-28T14:07:28.777+03:00  INFO 17784 --- [main] com.zaxxer.hikari.HikariDataSource       : HikariPool-1 - Start completed.
2025-09-28T14:07:28.808+03:00  WARN 17784 --- [main] org.hibernate.dialect.Dialect            : HHH000511: The 5.5.0 version for [org.hibernate.dialect.MySQLDialect] is no longer supported, hence certain features may not work properly. The minimum supported version is 5.7.0. Check the community dialects project for available legacy versions.
2025-09-28T14:07:28.813+03:00  INFO 17784 --- [main] SQL dialect                              : HHH000400: Using dialect: org.hibernate.dialect.MySQLDialect
2025-09-28T14:07:30.213+03:00  INFO 17784 --- [main] o.h.e.t.j.p.i.JtaPlatformInitiator       : HHH000490: Using JtaPlatform implementation: [org.hibernate.engine.transaction.jta.platform.internal.NoJtaPlatform]
2025-09-28T14:07:30.221+03:00  INFO 17784 --- [main] j.LocalContainerEntityManagerFactoryBean : Initialized JPA EntityManagerFactory for persistence unit 'default'
2025-09-28T14:07:30.622+03:00  WARN 17784 --- [main] ocalVariableTableParameterNameDiscoverer : Using deprecated '-debug' fallback for parameter name resolution. Compile the affected code with '-parameters' instead or avoid its introspection: org.example.repositories.ClientPaymentRepository
2025-09-28T14:07:31.018+03:00  WARN 17784 --- [main] ocalVariableTableParameterNameDiscoverer : Using deprecated '-debug' fallback for parameter name resolution. Compile the affected code with '-parameters' instead or avoid its introspection: org.example.repositories.ForfeitRepository
2025-09-28T14:07:31.057+03:00  WARN 17784 --- [main] ocalVariableTableParameterNameDiscoverer : Using deprecated '-debug' fallback for parameter name resolution. Compile the affected code with '-parameters' instead or avoid its introspection: org.example.repositories.PartitionRepository
2025-09-28T14:07:31.311+03:00  WARN 17784 --- [main] ocalVariableTableParameterNameDiscoverer : Using deprecated '-debug' fallback for parameter name resolution. Compile the affected code with '-parameters' instead or avoid its introspection: org.example.repositories.TransRepoJpa
2025-09-28T14:07:31.410+03:00  WARN 17784 --- [main] ocalVariableTableParameterNameDiscoverer : Using deprecated '-debug' fallback for parameter name resolution. Compile the affected code with '-parameters' instead or avoid its introspection: org.example.repositories.ReturnedMaterialRepository
2025-09-28T14:07:31.551+03:00  WARN 17784 --- [main] ocalVariableTableParameterNameDiscoverer : Using deprecated '-debug' fallback for parameter name resolution. Compile the affected code with '-parameters' instead or avoid its introspection: org.example.repositories.TransferMaterialRepository
2025-09-28T14:07:31.628+03:00  WARN 17784 --- [main] ocalVariableTableParameterNameDiscoverer : Using deprecated '-debug' fallback for parameter name resolution. Compile the affected code with '-parameters' instead or avoid its introspection: org.example.repositories.TransLineRepository
2025-09-28T14:07:31.656+03:00  WARN 17784 --- [main] ocalVariableTableParameterNameDiscoverer : Using deprecated '-debug' fallback for parameter name resolution. Compile the affected code with '-parameters' instead or avoid its introspection: org.example.repositories.TransLogRepository
2025-09-28T14:07:31.808+03:00  WARN 17784 --- [main] JpaBaseConfiguration$JpaWebConfiguration : spring.jpa.open-in-view is enabled by default. Therefore, database queries may be performed during view rendering. Explicitly configure spring.jpa.open-in-view to disable this warning
2025-09-28T14:07:32.461+03:00  INFO 17784 --- [main] o.s.b.a.e.web.EndpointLinksResolver      : Exposing 1 endpoint(s) beneath base path '/actuator'
2025-09-28T14:07:32.534+03:00  INFO 17784 --- [main] o.s.b.w.embedded.tomcat.TomcatWebServer  : Tomcat started on port(s): 9091 (http) with context path ''
2025-09-28T14:07:32.549+03:00  INFO 17784 --- [main] org.example.Main                         : Started Main in 7.223 seconds (process running for 7.8)
2025-09-28T14:07:53.650+03:00  INFO 17784 --- [http-nio-9091-exec-1] o.a.c.c.C.[Tomcat].[localhost].[/]       : Initializing Spring DispatcherServlet 'dispatcherServlet'
2025-09-28T14:07:53.650+03:00  INFO 17784 --- [http-nio-9091-exec-1] o.s.web.servlet.DispatcherServlet        : Initializing Servlet 'dispatcherServlet'
2025-09-28T14:07:53.652+03:00  INFO 17784 --- [http-nio-9091-exec-1] o.s.web.servlet.DispatcherServlet        : Completed initialization in 2 ms
2025-09-28T14:07:53.748+03:00  WARN 17784 --- [http-nio-9091-exec-1] org.example.security.CustomFilter        : /api/v1/material
2025-09-28T14:07:53.815+03:00  WARN 17784 --- [http-nio-9091-exec-1] org.example.security.CustomFilter        : /api/v1/material headers org.apache.tomcat.util.http.ValuesEnumerator@21b282c1
2025-09-28T14:08:14.208+03:00  WARN 17784 --- [http-nio-9091-exec-2] org.example.security.CustomFilter        : /api/v1/partition/DailyReport/XLSX/1/2024-09-01/2025-09-28/NORMAL
2025-09-28T14:08:14.242+03:00  WARN 17784 --- [http-nio-9091-exec-2] org.example.security.CustomFilter        : /api/v1/partition/DailyReport/XLSX/1/2024-09-01/2025-09-28/NORMAL headers org.apache.tomcat.util.http.ValuesEnumerator@24bd08cf
2025-09-28T14:08:14.261+03:00  WARN 17784 --- [http-nio-9091-exec-2] ocalVariableTableParameterNameDiscoverer : Using deprecated '-debug' fallback for parameter name resolution. Compile the affected code with '-parameters' instead or avoid its introspection: org.example.controllers.PartitionController
2025-09-28T14:20:23.897+03:00  INFO 17784 --- [SpringApplicationShutdownHook] j.LocalContainerEntityManagerFactoryBean : Closing JPA EntityManagerFactory for persistence unit 'default'
2025-09-28T14:20:23.900+03:00  INFO 17784 --- [SpringApplicationShutdownHook] com.zaxxer.hikari.HikariDataSource       : HikariPool-1 - Shutdown initiated...
2025-09-28T14:20:23.910+03:00  INFO 17784 --- [SpringApplicationShutdownHook] com.zaxxer.hikari.HikariDataSource       : HikariPool-1 - Shutdown completed.
2025-09-28T14:20:26.275+03:00  INFO 13464 --- [main] org.example.Main                         : Starting Main using Java 20 with PID 13464 (D:\fuelRefactored\FuelCleanCode\Service\target\classes started by GIGABYTE in D:\fuelRefactored\FuelCleanCode)
2025-09-28T14:20:26.277+03:00  INFO 13464 --- [main] org.example.Main                         : The following 1 profile is active: "local"
2025-09-28T14:20:27.473+03:00  INFO 13464 --- [main] .s.d.r.c.RepositoryConfigurationDelegate : Bootstrapping Spring Data JPA repositories in DEFAULT mode.
2025-09-28T14:20:27.689+03:00  INFO 13464 --- [main] .s.d.r.c.RepositoryConfigurationDelegate : Finished Spring Data repository scanning in 209 ms. Found 25 JPA repository interfaces.
2025-09-28T14:20:28.439+03:00  INFO 13464 --- [main] o.s.b.w.embedded.tomcat.TomcatWebServer  : Tomcat initialized with port(s): 9091 (http)
2025-09-28T14:20:28.448+03:00  INFO 13464 --- [main] o.apache.catalina.core.StandardService   : Starting service [Tomcat]
2025-09-28T14:20:28.448+03:00  INFO 13464 --- [main] o.apache.catalina.core.StandardEngine    : Starting Servlet engine: [Apache Tomcat/10.1.7]
2025-09-28T14:20:28.562+03:00  INFO 13464 --- [main] o.a.c.c.C.[Tomcat].[localhost].[/]       : Initializing Spring embedded WebApplicationContext
2025-09-28T14:20:28.562+03:00  INFO 13464 --- [main] w.s.c.ServletWebServerApplicationContext : Root WebApplicationContext: initialization completed in 2244 ms
2025-09-28T14:20:28.888+03:00  INFO 13464 --- [main] o.hibernate.jpa.internal.util.LogHelper  : HHH000204: Processing PersistenceUnitInfo [name: default]
2025-09-28T14:20:28.939+03:00  INFO 13464 --- [main] org.hibernate.Version                    : HHH000412: Hibernate ORM core version 6.1.7.Final
2025-09-28T14:20:29.226+03:00  INFO 13464 --- [main] com.zaxxer.hikari.HikariDataSource       : HikariPool-1 - Starting...
2025-09-28T14:20:29.388+03:00  INFO 13464 --- [main] com.zaxxer.hikari.pool.HikariPool        : HikariPool-1 - Added connection com.mysql.cj.jdbc.ConnectionImpl@60bc308b
2025-09-28T14:20:29.390+03:00  INFO 13464 --- [main] com.zaxxer.hikari.HikariDataSource       : HikariPool-1 - Start completed.
2025-09-28T14:20:29.425+03:00  WARN 13464 --- [main] org.hibernate.dialect.Dialect            : HHH000511: The 5.5.0 version for [org.hibernate.dialect.MySQLDialect] is no longer supported, hence certain features may not work properly. The minimum supported version is 5.7.0. Check the community dialects project for available legacy versions.
2025-09-28T14:20:29.430+03:00  INFO 13464 --- [main] SQL dialect                              : HHH000400: Using dialect: org.hibernate.dialect.MySQLDialect
2025-09-28T14:20:30.885+03:00  INFO 13464 --- [main] o.h.e.t.j.p.i.JtaPlatformInitiator       : HHH000490: Using JtaPlatform implementation: [org.hibernate.engine.transaction.jta.platform.internal.NoJtaPlatform]
2025-09-28T14:20:30.894+03:00  INFO 13464 --- [main] j.LocalContainerEntityManagerFactoryBean : Initialized JPA EntityManagerFactory for persistence unit 'default'
2025-09-28T14:20:31.323+03:00  WARN 13464 --- [main] ocalVariableTableParameterNameDiscoverer : Using deprecated '-debug' fallback for parameter name resolution. Compile the affected code with '-parameters' instead or avoid its introspection: org.example.repositories.ClientPaymentRepository
2025-09-28T14:20:31.692+03:00  WARN 13464 --- [main] ocalVariableTableParameterNameDiscoverer : Using deprecated '-debug' fallback for parameter name resolution. Compile the affected code with '-parameters' instead or avoid its introspection: org.example.repositories.ForfeitRepository
2025-09-28T14:20:31.731+03:00  WARN 13464 --- [main] ocalVariableTableParameterNameDiscoverer : Using deprecated '-debug' fallback for parameter name resolution. Compile the affected code with '-parameters' instead or avoid its introspection: org.example.repositories.PartitionRepository
2025-09-28T14:20:31.972+03:00  WARN 13464 --- [main] ocalVariableTableParameterNameDiscoverer : Using deprecated '-debug' fallback for parameter name resolution. Compile the affected code with '-parameters' instead or avoid its introspection: org.example.repositories.TransRepoJpa
2025-09-28T14:20:32.048+03:00  WARN 13464 --- [main] ocalVariableTableParameterNameDiscoverer : Using deprecated '-debug' fallback for parameter name resolution. Compile the affected code with '-parameters' instead or avoid its introspection: org.example.repositories.ReturnedMaterialRepository
2025-09-28T14:20:32.164+03:00  WARN 13464 --- [main] ocalVariableTableParameterNameDiscoverer : Using deprecated '-debug' fallback for parameter name resolution. Compile the affected code with '-parameters' instead or avoid its introspection: org.example.repositories.TransferMaterialRepository
2025-09-28T14:20:32.242+03:00  WARN 13464 --- [main] ocalVariableTableParameterNameDiscoverer : Using deprecated '-debug' fallback for parameter name resolution. Compile the affected code with '-parameters' instead or avoid its introspection: org.example.repositories.TransLineRepository
2025-09-28T14:20:32.270+03:00  WARN 13464 --- [main] ocalVariableTableParameterNameDiscoverer : Using deprecated '-debug' fallback for parameter name resolution. Compile the affected code with '-parameters' instead or avoid its introspection: org.example.repositories.TransLogRepository
2025-09-28T14:20:32.422+03:00  WARN 13464 --- [main] JpaBaseConfiguration$JpaWebConfiguration : spring.jpa.open-in-view is enabled by default. Therefore, database queries may be performed during view rendering. Explicitly configure spring.jpa.open-in-view to disable this warning
2025-09-28T14:20:33.034+03:00  INFO 13464 --- [main] o.s.b.a.e.web.EndpointLinksResolver      : Exposing 1 endpoint(s) beneath base path '/actuator'
2025-09-28T14:20:33.106+03:00  INFO 13464 --- [main] o.s.b.w.embedded.tomcat.TomcatWebServer  : Tomcat started on port(s): 9091 (http) with context path ''
2025-09-28T14:20:33.120+03:00  INFO 13464 --- [main] org.example.Main                         : Started Main in 7.278 seconds (process running for 7.866)
2025-09-28T14:21:05.664+03:00  INFO 13464 --- [http-nio-9091-exec-1] o.a.c.c.C.[Tomcat].[localhost].[/]       : Initializing Spring DispatcherServlet 'dispatcherServlet'
2025-09-28T14:21:05.665+03:00  INFO 13464 --- [http-nio-9091-exec-1] o.s.web.servlet.DispatcherServlet        : Initializing Servlet 'dispatcherServlet'
2025-09-28T14:21:05.668+03:00  INFO 13464 --- [http-nio-9091-exec-1] o.s.web.servlet.DispatcherServlet        : Completed initialization in 3 ms
2025-09-28T14:21:05.759+03:00  WARN 13464 --- [http-nio-9091-exec-1] org.example.security.CustomFilter        : /api/v1/partition/DailyReport/XLSX/1/2024-09-01/2025-09-28/NORMAL
2025-09-28T14:21:05.823+03:00  WARN 13464 --- [http-nio-9091-exec-1] org.example.security.CustomFilter        : /api/v1/partition/DailyReport/XLSX/1/2024-09-01/2025-09-28/NORMAL headers org.apache.tomcat.util.http.ValuesEnumerator@353b2200
2025-09-28T14:21:05.859+03:00  WARN 13464 --- [http-nio-9091-exec-1] ocalVariableTableParameterNameDiscoverer : Using deprecated '-debug' fallback for parameter name resolution. Compile the affected code with '-parameters' instead or avoid its introspection: org.example.controllers.PartitionController
2025-09-28T14:21:26.641+03:00  WARN 13464 --- [http-nio-9091-exec-2] org.example.security.CustomFilter        : /api/v1/partition/DailyReport/XLSX/1/2024-09-01/2025-09-28/NORMAL
2025-09-28T14:21:26.672+03:00  WARN 13464 --- [http-nio-9091-exec-2] org.example.security.CustomFilter        : /api/v1/partition/DailyReport/XLSX/1/2024-09-01/2025-09-28/NORMAL headers org.apache.tomcat.util.http.ValuesEnumerator@2048e3a6
2025-09-28T14:22:08.544+03:00  INFO 13464 --- [SpringApplicationShutdownHook] j.LocalContainerEntityManagerFactoryBean : Closing JPA EntityManagerFactory for persistence unit 'default'
2025-09-28T14:22:08.547+03:00  INFO 13464 --- [SpringApplicationShutdownHook] com.zaxxer.hikari.HikariDataSource       : HikariPool-1 - Shutdown initiated...
2025-09-28T14:22:08.555+03:00  INFO 13464 --- [SpringApplicationShutdownHook] com.zaxxer.hikari.HikariDataSource       : HikariPool-1 - Shutdown completed.
2025-09-28T14:22:11.227+03:00  INFO 8704 --- [main] org.example.Main                         : Starting Main using Java 20 with PID 8704 (D:\fuelRefactored\FuelCleanCode\Service\target\classes started by GIGABYTE in D:\fuelRefactored\FuelCleanCode)
2025-09-28T14:22:11.230+03:00  INFO 8704 --- [main] org.example.Main                         : The following 1 profile is active: "local"
2025-09-28T14:22:12.547+03:00  INFO 8704 --- [main] .s.d.r.c.RepositoryConfigurationDelegate : Bootstrapping Spring Data JPA repositories in DEFAULT mode.
2025-09-28T14:22:12.770+03:00  INFO 8704 --- [main] .s.d.r.c.RepositoryConfigurationDelegate : Finished Spring Data repository scanning in 212 ms. Found 25 JPA repository interfaces.
2025-09-28T14:22:13.520+03:00  INFO 8704 --- [main] o.s.b.w.embedded.tomcat.TomcatWebServer  : Tomcat initialized with port(s): 9091 (http)
2025-09-28T14:22:13.529+03:00  INFO 8704 --- [main] o.apache.catalina.core.StandardService   : Starting service [Tomcat]
2025-09-28T14:22:13.530+03:00  INFO 8704 --- [main] o.apache.catalina.core.StandardEngine    : Starting Servlet engine: [Apache Tomcat/10.1.7]
2025-09-28T14:22:13.656+03:00  INFO 8704 --- [main] o.a.c.c.C.[Tomcat].[localhost].[/]       : Initializing Spring embedded WebApplicationContext
2025-09-28T14:22:13.657+03:00  INFO 8704 --- [main] w.s.c.ServletWebServerApplicationContext : Root WebApplicationContext: initialization completed in 2360 ms
2025-09-28T14:22:13.988+03:00  INFO 8704 --- [main] o.hibernate.jpa.internal.util.LogHelper  : HHH000204: Processing PersistenceUnitInfo [name: default]
2025-09-28T14:22:14.032+03:00  INFO 8704 --- [main] org.hibernate.Version                    : HHH000412: Hibernate ORM core version 6.1.7.Final
2025-09-28T14:22:14.309+03:00  INFO 8704 --- [main] com.zaxxer.hikari.HikariDataSource       : HikariPool-1 - Starting...
2025-09-28T14:22:14.484+03:00  INFO 8704 --- [main] com.zaxxer.hikari.pool.HikariPool        : HikariPool-1 - Added connection com.mysql.cj.jdbc.ConnectionImpl@60bc308b
2025-09-28T14:22:14.486+03:00  INFO 8704 --- [main] com.zaxxer.hikari.HikariDataSource       : HikariPool-1 - Start completed.
2025-09-28T14:22:14.530+03:00  WARN 8704 --- [main] org.hibernate.dialect.Dialect            : HHH000511: The 5.5.0 version for [org.hibernate.dialect.MySQLDialect] is no longer supported, hence certain features may not work properly. The minimum supported version is 5.7.0. Check the community dialects project for available legacy versions.
2025-09-28T14:22:14.536+03:00  INFO 8704 --- [main] SQL dialect                              : HHH000400: Using dialect: org.hibernate.dialect.MySQLDialect
2025-09-28T14:22:16.099+03:00  INFO 8704 --- [main] o.h.e.t.j.p.i.JtaPlatformInitiator       : HHH000490: Using JtaPlatform implementation: [org.hibernate.engine.transaction.jta.platform.internal.NoJtaPlatform]
2025-09-28T14:22:16.108+03:00  INFO 8704 --- [main] j.LocalContainerEntityManagerFactoryBean : Initialized JPA EntityManagerFactory for persistence unit 'default'
2025-09-28T14:22:16.528+03:00  WARN 8704 --- [main] ocalVariableTableParameterNameDiscoverer : Using deprecated '-debug' fallback for parameter name resolution. Compile the affected code with '-parameters' instead or avoid its introspection: org.example.repositories.ClientPaymentRepository
2025-09-28T14:22:16.902+03:00  WARN 8704 --- [main] ocalVariableTableParameterNameDiscoverer : Using deprecated '-debug' fallback for parameter name resolution. Compile the affected code with '-parameters' instead or avoid its introspection: org.example.repositories.ForfeitRepository
2025-09-28T14:22:16.936+03:00  WARN 8704 --- [main] ocalVariableTableParameterNameDiscoverer : Using deprecated '-debug' fallback for parameter name resolution. Compile the affected code with '-parameters' instead or avoid its introspection: org.example.repositories.PartitionRepository
2025-09-28T14:22:17.164+03:00  WARN 8704 --- [main] ocalVariableTableParameterNameDiscoverer : Using deprecated '-debug' fallback for parameter name resolution. Compile the affected code with '-parameters' instead or avoid its introspection: org.example.repositories.TransRepoJpa
2025-09-28T14:22:17.273+03:00  WARN 8704 --- [main] ocalVariableTableParameterNameDiscoverer : Using deprecated '-debug' fallback for parameter name resolution. Compile the affected code with '-parameters' instead or avoid its introspection: org.example.repositories.ReturnedMaterialRepository
2025-09-28T14:22:17.393+03:00  WARN 8704 --- [main] ocalVariableTableParameterNameDiscoverer : Using deprecated '-debug' fallback for parameter name resolution. Compile the affected code with '-parameters' instead or avoid its introspection: org.example.repositories.TransferMaterialRepository
2025-09-28T14:22:17.483+03:00  WARN 8704 --- [main] ocalVariableTableParameterNameDiscoverer : Using deprecated '-debug' fallback for parameter name resolution. Compile the affected code with '-parameters' instead or avoid its introspection: org.example.repositories.TransLineRepository
2025-09-28T14:22:17.509+03:00  WARN 8704 --- [main] ocalVariableTableParameterNameDiscoverer : Using deprecated '-debug' fallback for parameter name resolution. Compile the affected code with '-parameters' instead or avoid its introspection: org.example.repositories.TransLogRepository
2025-09-28T14:22:17.656+03:00  WARN 8704 --- [main] JpaBaseConfiguration$JpaWebConfiguration : spring.jpa.open-in-view is enabled by default. Therefore, database queries may be performed during view rendering. Explicitly configure spring.jpa.open-in-view to disable this warning
2025-09-28T14:22:18.320+03:00  INFO 8704 --- [main] o.s.b.a.e.web.EndpointLinksResolver      : Exposing 1 endpoint(s) beneath base path '/actuator'
2025-09-28T14:22:18.418+03:00  INFO 8704 --- [main] o.s.b.w.embedded.tomcat.TomcatWebServer  : Tomcat started on port(s): 9091 (http) with context path ''
2025-09-28T14:22:18.444+03:00  INFO 8704 --- [main] org.example.Main                         : Started Main in 7.661 seconds (process running for 8.417)
2025-09-28T14:25:52.616+03:00  INFO 8704 --- [SpringApplicationShutdownHook] j.LocalContainerEntityManagerFactoryBean : Closing JPA EntityManagerFactory for persistence unit 'default'
2025-09-28T14:25:52.618+03:00  INFO 8704 --- [SpringApplicationShutdownHook] com.zaxxer.hikari.HikariDataSource       : HikariPool-1 - Shutdown initiated...
2025-09-28T14:25:52.628+03:00  INFO 8704 --- [SpringApplicationShutdownHook] com.zaxxer.hikari.HikariDataSource       : HikariPool-1 - Shutdown completed.
2025-09-28T14:25:54.918+03:00  INFO 19860 --- [main] org.example.Main                         : Starting Main using Java 20 with PID 19860 (D:\fuelRefactored\FuelCleanCode\Service\target\classes started by GIGABYTE in D:\fuelRefactored\FuelCleanCode)
2025-09-28T14:25:54.920+03:00  INFO 19860 --- [main] org.example.Main                         : The following 1 profile is active: "local"
2025-09-28T14:25:56.122+03:00  INFO 19860 --- [main] .s.d.r.c.RepositoryConfigurationDelegate : Bootstrapping Spring Data JPA repositories in DEFAULT mode.
2025-09-28T14:25:56.331+03:00  INFO 19860 --- [main] .s.d.r.c.RepositoryConfigurationDelegate : Finished Spring Data repository scanning in 200 ms. Found 25 JPA repository interfaces.
2025-09-28T14:25:57.090+03:00  INFO 19860 --- [main] o.s.b.w.embedded.tomcat.TomcatWebServer  : Tomcat initialized with port(s): 9091 (http)
2025-09-28T14:25:57.187+03:00  INFO 19860 --- [main] o.apache.catalina.core.StandardService   : Starting service [Tomcat]
2025-09-28T14:25:57.188+03:00  INFO 19860 --- [main] o.apache.catalina.core.StandardEngine    : Starting Servlet engine: [Apache Tomcat/10.1.7]
2025-09-28T14:25:57.307+03:00  INFO 19860 --- [main] o.a.c.c.C.[Tomcat].[localhost].[/]       : Initializing Spring embedded WebApplicationContext
2025-09-28T14:25:57.307+03:00  INFO 19860 --- [main] w.s.c.ServletWebServerApplicationContext : Root WebApplicationContext: initialization completed in 2349 ms
2025-09-28T14:25:57.608+03:00  INFO 19860 --- [main] o.hibernate.jpa.internal.util.LogHelper  : HHH000204: Processing PersistenceUnitInfo [name: default]
2025-09-28T14:25:57.664+03:00  INFO 19860 --- [main] org.hibernate.Version                    : HHH000412: Hibernate ORM core version 6.1.7.Final
2025-09-28T14:25:57.928+03:00  INFO 19860 --- [main] com.zaxxer.hikari.HikariDataSource       : HikariPool-1 - Starting...
2025-09-28T14:25:58.088+03:00  INFO 19860 --- [main] com.zaxxer.hikari.pool.HikariPool        : HikariPool-1 - Added connection com.mysql.cj.jdbc.ConnectionImpl@507f47f9
2025-09-28T14:25:58.090+03:00  INFO 19860 --- [main] com.zaxxer.hikari.HikariDataSource       : HikariPool-1 - Start completed.
2025-09-28T14:25:58.125+03:00  WARN 19860 --- [main] org.hibernate.dialect.Dialect            : HHH000511: The 5.5.0 version for [org.hibernate.dialect.MySQLDialect] is no longer supported, hence certain features may not work properly. The minimum supported version is 5.7.0. Check the community dialects project for available legacy versions.
2025-09-28T14:25:58.130+03:00  INFO 19860 --- [main] SQL dialect                              : HHH000400: Using dialect: org.hibernate.dialect.MySQLDialect
2025-09-28T14:25:59.653+03:00  INFO 19860 --- [main] o.h.e.t.j.p.i.JtaPlatformInitiator       : HHH000490: Using JtaPlatform implementation: [org.hibernate.engine.transaction.jta.platform.internal.NoJtaPlatform]
2025-09-28T14:25:59.662+03:00  INFO 19860 --- [main] j.LocalContainerEntityManagerFactoryBean : Initialized JPA EntityManagerFactory for persistence unit 'default'
2025-09-28T14:26:00.082+03:00  WARN 19860 --- [main] ocalVariableTableParameterNameDiscoverer : Using deprecated '-debug' fallback for parameter name resolution. Compile the affected code with '-parameters' instead or avoid its introspection: org.example.repositories.ClientPaymentRepository
2025-09-28T14:26:00.485+03:00  WARN 19860 --- [main] ocalVariableTableParameterNameDiscoverer : Using deprecated '-debug' fallback for parameter name resolution. Compile the affected code with '-parameters' instead or avoid its introspection: org.example.repositories.ForfeitRepository
2025-09-28T14:26:00.529+03:00  WARN 19860 --- [main] ocalVariableTableParameterNameDiscoverer : Using deprecated '-debug' fallback for parameter name resolution. Compile the affected code with '-parameters' instead or avoid its introspection: org.example.repositories.PartitionRepository
2025-09-28T14:26:00.751+03:00  WARN 19860 --- [main] ocalVariableTableParameterNameDiscoverer : Using deprecated '-debug' fallback for parameter name resolution. Compile the affected code with '-parameters' instead or avoid its introspection: org.example.repositories.TransRepoJpa
2025-09-28T14:26:00.826+03:00  WARN 19860 --- [main] ocalVariableTableParameterNameDiscoverer : Using deprecated '-debug' fallback for parameter name resolution. Compile the affected code with '-parameters' instead or avoid its introspection: org.example.repositories.ReturnedMaterialRepository
2025-09-28T14:26:00.932+03:00  WARN 19860 --- [main] ocalVariableTableParameterNameDiscoverer : Using deprecated '-debug' fallback for parameter name resolution. Compile the affected code with '-parameters' instead or avoid its introspection: org.example.repositories.TransferMaterialRepository
2025-09-28T14:26:01.025+03:00  WARN 19860 --- [main] ocalVariableTableParameterNameDiscoverer : Using deprecated '-debug' fallback for parameter name resolution. Compile the affected code with '-parameters' instead or avoid its introspection: org.example.repositories.TransLineRepository
2025-09-28T14:26:01.051+03:00  WARN 19860 --- [main] ocalVariableTableParameterNameDiscoverer : Using deprecated '-debug' fallback for parameter name resolution. Compile the affected code with '-parameters' instead or avoid its introspection: org.example.repositories.TransLogRepository
2025-09-28T14:26:01.219+03:00  WARN 19860 --- [main] JpaBaseConfiguration$JpaWebConfiguration : spring.jpa.open-in-view is enabled by default. Therefore, database queries may be performed during view rendering. Explicitly configure spring.jpa.open-in-view to disable this warning
2025-09-28T14:26:01.834+03:00  INFO 19860 --- [main] o.s.b.a.e.web.EndpointLinksResolver      : Exposing 1 endpoint(s) beneath base path '/actuator'
2025-09-28T14:26:01.922+03:00  INFO 19860 --- [main] o.s.b.w.embedded.tomcat.TomcatWebServer  : Tomcat started on port(s): 9091 (http) with context path ''
2025-09-28T14:26:01.935+03:00  INFO 19860 --- [main] org.example.Main                         : Started Main in 7.441 seconds (process running for 8.023)
2025-09-28T14:26:39.192+03:00  INFO 19860 --- [http-nio-9091-exec-1] o.a.c.c.C.[Tomcat].[localhost].[/]       : Initializing Spring DispatcherServlet 'dispatcherServlet'
2025-09-28T14:26:39.192+03:00  INFO 19860 --- [http-nio-9091-exec-1] o.s.web.servlet.DispatcherServlet        : Initializing Servlet 'dispatcherServlet'
2025-09-28T14:26:39.197+03:00  INFO 19860 --- [http-nio-9091-exec-1] o.s.web.servlet.DispatcherServlet        : Completed initialization in 5 ms
2025-09-28T14:26:39.294+03:00  WARN 19860 --- [http-nio-9091-exec-1] org.example.security.CustomFilter        : /api/v1/partition/DailyReport/XLSX/1/2024-09-01/2025-09-28/NORMAL
2025-09-28T14:26:39.379+03:00  WARN 19860 --- [http-nio-9091-exec-1] org.example.security.CustomFilter        : /api/v1/partition/DailyReport/XLSX/1/2024-09-01/2025-09-28/NORMAL headers org.apache.tomcat.util.http.ValuesEnumerator@1f7a97ee
2025-09-28T14:26:39.421+03:00  WARN 19860 --- [http-nio-9091-exec-1] ocalVariableTableParameterNameDiscoverer : Using deprecated '-debug' fallback for parameter name resolution. Compile the affected code with '-parameters' instead or avoid its introspection: org.example.controllers.PartitionController
2025-09-28T14:27:24.000+03:00  INFO 19860 --- [SpringApplicationShutdownHook] j.LocalContainerEntityManagerFactoryBean : Closing JPA EntityManagerFactory for persistence unit 'default'
2025-09-28T14:27:24.004+03:00  INFO 19860 --- [SpringApplicationShutdownHook] com.zaxxer.hikari.HikariDataSource       : HikariPool-1 - Shutdown initiated...
2025-09-28T14:27:24.011+03:00  INFO 19860 --- [SpringApplicationShutdownHook] com.zaxxer.hikari.HikariDataSource       : HikariPool-1 - Shutdown completed.
2025-09-28T14:27:26.345+03:00  INFO 16348 --- [main] org.example.Main                         : Starting Main using Java 20 with PID 16348 (D:\fuelRefactored\FuelCleanCode\Service\target\classes started by GIGABYTE in D:\fuelRefactored\FuelCleanCode)
2025-09-28T14:27:26.347+03:00  INFO 16348 --- [main] org.example.Main                         : The following 1 profile is active: "local"
2025-09-28T14:27:27.546+03:00  INFO 16348 --- [main] .s.d.r.c.RepositoryConfigurationDelegate : Bootstrapping Spring Data JPA repositories in DEFAULT mode.
2025-09-28T14:27:27.764+03:00  INFO 16348 --- [main] .s.d.r.c.RepositoryConfigurationDelegate : Finished Spring Data repository scanning in 202 ms. Found 25 JPA repository interfaces.
2025-09-28T14:27:28.511+03:00  INFO 16348 --- [main] o.s.b.w.embedded.tomcat.TomcatWebServer  : Tomcat initialized with port(s): 9091 (http)
2025-09-28T14:27:28.520+03:00  INFO 16348 --- [main] o.apache.catalina.core.StandardService   : Starting service [Tomcat]
2025-09-28T14:27:28.520+03:00  INFO 16348 --- [main] o.apache.catalina.core.StandardEngine    : Starting Servlet engine: [Apache Tomcat/10.1.7]
2025-09-28T14:27:28.647+03:00  INFO 16348 --- [main] o.a.c.c.C.[Tomcat].[localhost].[/]       : Initializing Spring embedded WebApplicationContext
2025-09-28T14:27:28.648+03:00  INFO 16348 --- [main] w.s.c.ServletWebServerApplicationContext : Root WebApplicationContext: initialization completed in 2261 ms
2025-09-28T14:27:28.987+03:00  INFO 16348 --- [main] o.hibernate.jpa.internal.util.LogHelper  : HHH000204: Processing PersistenceUnitInfo [name: default]
2025-09-28T14:27:29.043+03:00  INFO 16348 --- [main] org.hibernate.Version                    : HHH000412: Hibernate ORM core version 6.1.7.Final
2025-09-28T14:27:29.349+03:00  INFO 16348 --- [main] com.zaxxer.hikari.HikariDataSource       : HikariPool-1 - Starting...
2025-09-28T14:27:29.495+03:00  INFO 16348 --- [main] com.zaxxer.hikari.pool.HikariPool        : HikariPool-1 - Added connection com.mysql.cj.jdbc.ConnectionImpl@507f47f9
2025-09-28T14:27:29.497+03:00  INFO 16348 --- [main] com.zaxxer.hikari.HikariDataSource       : HikariPool-1 - Start completed.
2025-09-28T14:27:29.528+03:00  WARN 16348 --- [main] org.hibernate.dialect.Dialect            : HHH000511: The 5.5.0 version for [org.hibernate.dialect.MySQLDialect] is no longer supported, hence certain features may not work properly. The minimum supported version is 5.7.0. Check the community dialects project for available legacy versions.
2025-09-28T14:27:29.533+03:00  INFO 16348 --- [main] SQL dialect                              : HHH000400: Using dialect: org.hibernate.dialect.MySQLDialect
2025-09-28T14:27:31.013+03:00  INFO 16348 --- [main] o.h.e.t.j.p.i.JtaPlatformInitiator       : HHH000490: Using JtaPlatform implementation: [org.hibernate.engine.transaction.jta.platform.internal.NoJtaPlatform]
2025-09-28T14:27:31.022+03:00  INFO 16348 --- [main] j.LocalContainerEntityManagerFactoryBean : Initialized JPA EntityManagerFactory for persistence unit 'default'
2025-09-28T14:27:31.484+03:00  WARN 16348 --- [main] ocalVariableTableParameterNameDiscoverer : Using deprecated '-debug' fallback for parameter name resolution. Compile the affected code with '-parameters' instead or avoid its introspection: org.example.repositories.ClientPaymentRepository
2025-09-28T14:27:31.895+03:00  WARN 16348 --- [main] ocalVariableTableParameterNameDiscoverer : Using deprecated '-debug' fallback for parameter name resolution. Compile the affected code with '-parameters' instead or avoid its introspection: org.example.repositories.ForfeitRepository
2025-09-28T14:27:31.939+03:00  WARN 16348 --- [main] ocalVariableTableParameterNameDiscoverer : Using deprecated '-debug' fallback for parameter name resolution. Compile the affected code with '-parameters' instead or avoid its introspection: org.example.repositories.PartitionRepository
2025-09-28T14:27:32.169+03:00  WARN 16348 --- [main] ocalVariableTableParameterNameDiscoverer : Using deprecated '-debug' fallback for parameter name resolution. Compile the affected code with '-parameters' instead or avoid its introspection: org.example.repositories.TransRepoJpa
2025-09-28T14:27:32.263+03:00  WARN 16348 --- [main] ocalVariableTableParameterNameDiscoverer : Using deprecated '-debug' fallback for parameter name resolution. Compile the affected code with '-parameters' instead or avoid its introspection: org.example.repositories.ReturnedMaterialRepository
2025-09-28T14:27:32.367+03:00  WARN 16348 --- [main] ocalVariableTableParameterNameDiscoverer : Using deprecated '-debug' fallback for parameter name resolution. Compile the affected code with '-parameters' instead or avoid its introspection: org.example.repositories.TransferMaterialRepository
2025-09-28T14:27:32.464+03:00  WARN 16348 --- [main] ocalVariableTableParameterNameDiscoverer : Using deprecated '-debug' fallback for parameter name resolution. Compile the affected code with '-parameters' instead or avoid its introspection: org.example.repositories.TransLineRepository
2025-09-28T14:27:32.496+03:00  WARN 16348 --- [main] ocalVariableTableParameterNameDiscoverer : Using deprecated '-debug' fallback for parameter name resolution. Compile the affected code with '-parameters' instead or avoid its introspection: org.example.repositories.TransLogRepository
2025-09-28T14:27:32.653+03:00  WARN 16348 --- [main] JpaBaseConfiguration$JpaWebConfiguration : spring.jpa.open-in-view is enabled by default. Therefore, database queries may be performed during view rendering. Explicitly configure spring.jpa.open-in-view to disable this warning
2025-09-28T14:27:33.272+03:00  INFO 16348 --- [main] o.s.b.a.e.web.EndpointLinksResolver      : Exposing 1 endpoint(s) beneath base path '/actuator'
2025-09-28T14:27:33.354+03:00  INFO 16348 --- [main] o.s.b.w.embedded.tomcat.TomcatWebServer  : Tomcat started on port(s): 9091 (http) with context path ''
2025-09-28T14:27:33.369+03:00  INFO 16348 --- [main] org.example.Main                         : Started Main in 7.442 seconds (process running for 8.064)
2025-09-28T14:28:01.208+03:00  INFO 16348 --- [http-nio-9091-exec-1] o.a.c.c.C.[Tomcat].[localhost].[/]       : Initializing Spring DispatcherServlet 'dispatcherServlet'
2025-09-28T14:28:01.208+03:00  INFO 16348 --- [http-nio-9091-exec-1] o.s.web.servlet.DispatcherServlet        : Initializing Servlet 'dispatcherServlet'
2025-09-28T14:28:01.213+03:00  INFO 16348 --- [http-nio-9091-exec-1] o.s.web.servlet.DispatcherServlet        : Completed initialization in 5 ms
2025-09-28T14:28:01.323+03:00  WARN 16348 --- [http-nio-9091-exec-1] org.example.security.CustomFilter        : /api/v1/partition/DailyReport/XLSX/1/2024-09-01/2025-09-28/NORMAL
2025-09-28T14:28:01.403+03:00  WARN 16348 --- [http-nio-9091-exec-1] org.example.security.CustomFilter        : /api/v1/partition/DailyReport/XLSX/1/2024-09-01/2025-09-28/NORMAL headers org.apache.tomcat.util.http.ValuesEnumerator@181902a1
2025-09-28T14:28:01.451+03:00  WARN 16348 --- [http-nio-9091-exec-1] ocalVariableTableParameterNameDiscoverer : Using deprecated '-debug' fallback for parameter name resolution. Compile the affected code with '-parameters' instead or avoid its introspection: org.example.controllers.PartitionController
